<?xml version="1.0" encoding="UTF-8"?>
<testng-results ignored="2" total="4" passed="2" failed="0" skipped="0">
  <reporter-output>
    <line>
      <![CDATA[Browser window is maximized successfully]]>
    </line>
    <line>
      <![CDATA[Browser window is maximized successfully]]>
    </line>
  </reporter-output>
  <suite started-at="2023-06-26T14:46:38 IST" name="Suite" finished-at="2023-06-26T14:46:53 IST" duration-ms="14362">
    <groups>
    </groups>
    <test started-at="2023-06-26T14:46:38 IST" name="Test" finished-at="2023-06-26T14:46:53 IST" duration-ms="14362">
      <class name="test_Scripts.RegisterTest">
        <test-method is-config="true" signature="browserSetup()[pri:0, instance:test_Scripts.RegisterTest@3a44431a]" started-at="2023-06-26T14:46:49 IST" name="browserSetup" finished-at="2023-06-26T14:46:52 IST" duration-ms="3502" status="PASS">
          <reporter-output>
            <line>
              <![CDATA[Browser window is maximized successfully]]>
            </line>
          </reporter-output>
        </test-method> <!-- browserSetup -->
        <test-method signature="registerTest(java.lang.String,java.lang.String,java.lang.String,java.lang.String,java.lang.String)[pri:0, instance:test_Scripts.RegisterTest@3a44431a]" started-at="2023-06-26T14:46:52 IST" name="registerTest" data-provider="register" finished-at="2023-06-26T14:46:53 IST" duration-ms="465" status="PASS">
          <params>
            <param index="0">
              <value>
                <![CDATA[Zlatan]]>
              </value>
            </param>
            <param index="1">
              <value>
                <![CDATA[Ibrahmovic]]>
              </value>
            </param>
            <param index="2">
              <value>
                <![CDATA[zlatan@gmail.com]]>
              </value>
            </param>
            <param index="3">
              <value>
                <![CDATA[Password@123]]>
              </value>
            </param>
            <param index="4">
              <value>
                <![CDATA[Password@123]]>
              </value>
            </param>
          </params>
          <reporter-output>
          </reporter-output>
        </test-method> <!-- registerTest -->
        <test-method is-config="true" signature="setup(java.lang.reflect.Method)[pri:0, instance:test_Scripts.RegisterTest@3a44431a]" started-at="2023-06-26T14:46:52 IST" name="setup" finished-at="2023-06-26T14:46:52 IST" duration-ms="0" status="PASS">
          <params>
            <param index="0">
              <value>
                <![CDATA[public void test_Scripts.RegisterTest.registerTest(java.lang.String,java.lang.String,java.lang.String,java.lang.String,java.lang.String)]]>
              </value>
            </param>
          </params>
          <reporter-output>
          </reporter-output>
        </test-method> <!-- setup -->
        <test-method is-config="true" signature="CloseApp()[pri:0, instance:test_Scripts.RegisterTest@3a44431a]" started-at="2023-06-26T14:46:53 IST" name="CloseApp" finished-at="2023-06-26T14:46:53 IST" duration-ms="245" status="PASS">
          <reporter-output>
          </reporter-output>
        </test-method> <!-- CloseApp -->
      </class> <!-- test_Scripts.RegisterTest -->
      <class name="test_Scripts.TestScript1">
        <test-method is-config="true" signature="beforeSuit()[pri:0, instance:test_Scripts.TestScript1@7c711375]" started-at="2023-06-26T14:46:38 IST" name="beforeSuit" finished-at="2023-06-26T14:46:38 IST" duration-ms="122" status="PASS">
          <reporter-output>
          </reporter-output>
        </test-method> <!-- beforeSuit -->
        <test-method is-config="true" signature="browserSetup()[pri:0, instance:test_Scripts.TestScript1@7c711375]" started-at="2023-06-26T14:46:38 IST" name="browserSetup" finished-at="2023-06-26T14:46:42 IST" duration-ms="3682" status="PASS">
          <reporter-output>
            <line>
              <![CDATA[Browser window is maximized successfully]]>
            </line>
          </reporter-output>
        </test-method> <!-- browserSetup -->
        <test-method is-config="true" signature="setup(java.lang.reflect.Method)[pri:0, instance:test_Scripts.TestScript1@7c711375]" started-at="2023-06-26T14:46:42 IST" name="setup" finished-at="2023-06-26T14:46:42 IST" duration-ms="2" status="PASS">
          <params>
            <param index="0">
              <value>
                <![CDATA[public void test_Scripts.TestScript1.testScript1(java.lang.String,java.lang.String) throws java.io.IOException,java.lang.InterruptedException]]>
              </value>
            </param>
          </params>
          <reporter-output>
          </reporter-output>
        </test-method> <!-- setup -->
        <test-method signature="testScript1(java.lang.String,java.lang.String)[pri:0, instance:test_Scripts.TestScript1@7c711375]" started-at="2023-06-26T14:46:42 IST" name="testScript1" data-provider="testdata" finished-at="2023-06-26T14:46:48 IST" duration-ms="5769" status="PASS">
          <params>
            <param index="0">
              <value>
                <![CDATA[yogita]]>
              </value>
            </param>
            <param index="1">
              <value>
                <![CDATA[medbch]]>
              </value>
            </param>
          </params>
          <reporter-output>
          </reporter-output>
        </test-method> <!-- testScript1 -->
        <test-method is-config="true" signature="CloseApp()[pri:0, instance:test_Scripts.TestScript1@7c711375]" started-at="2023-06-26T14:46:48 IST" name="CloseApp" finished-at="2023-06-26T14:46:49 IST" duration-ms="297" status="PASS">
          <reporter-output>
          </reporter-output>
        </test-method> <!-- CloseApp -->
        <test-method is-config="true" signature="afterSuite()[pri:0, instance:test_Scripts.TestScript1@7c711375]" started-at="2023-06-26T14:46:53 IST" name="afterSuite" finished-at="2023-06-26T14:46:53 IST" duration-ms="205" status="PASS">
          <reporter-output>
          </reporter-output>
        </test-method> <!-- afterSuite -->
      </class> <!-- test_Scripts.TestScript1 -->
    </test> <!-- Test -->
  </suite> <!-- Suite -->
</testng-results>
