<?xml version="1.0" encoding="UTF-8"?>
<!-- Generated by org.testng.reporters.JUnitXMLReporter -->
<testsuite ignored="2" hostname="TYSS-Yogita" failures="0" tests="2" name="Test" time="14.362" errors="0" timestamp="2023-06-26T14:46:53 IST">
  <testcase classname="test_Scripts.TestScript1" name="testScript1" time="5.769"/>
  <testcase classname="test_Scripts.RegisterTest" name="registerTest" time="0.465"/>
  <testcase classname="generic.Base_Test" name="@BeforeSuite beforeSuit" time="0.0">
    <ignored/>
  </testcase> <!-- @BeforeSuite beforeSuit -->
  <testcase classname="generic.Base_Test" name="@AfterSuite afterSuite" time="0.0">
    <ignored/>
  </testcase> <!-- @AfterSuite afterSuite -->
</testsuite> <!-- Test -->
